{"timestamp": "2025-12-12T20:42:41.911611", "level": "WARNING", "logger": "detection_pipeline", "message": "YOLO model not found, using default YOLOv8n", "module": "detection_pipeline", "function": "_load_models", "line": 98}
{"timestamp": "2025-12-12T20:42:52.141252", "level": "INFO", "logger": "detection_pipeline", "message": "\u2713 YOLO model loaded (default)", "module": "detection_pipeline", "function": "_load_models", "line": 100}
{"timestamp": "2025-12-12T20:42:52.162351", "level": "WARNING", "logger": "detection_pipeline", "message": "\u26a0 Detectron2 not installed - creating placeholder Mask R-CNN", "module": "detection_pipeline", "function": "_load_models", "line": 120}
{"timestamp": "2025-12-12T20:42:52.202252", "level": "INFO", "logger": "detection_pipeline", "message": "Creating placeholder Mask R-CNN model for testing", "module": "detection_pipeline", "function": "_create_placeholder_mask_rcnn_model", "line": 204}
{"timestamp": "2025-12-12T20:42:52.294472", "level": "INFO", "logger": "detection_pipeline", "message": "\u2713 Placeholder Mask R-CNN model created for testing", "module": "detection_pipeline", "function": "_create_placeholder_mask_rcnn_model", "line": 225}
{"timestamp": "2025-12-12T20:42:52.389246", "level": "WARNING", "logger": "detection_pipeline", "message": "\u26a0 CNN model file not found - using placeholder model", "module": "detection_pipeline", "function": "_load_models", "line": 135}
{"timestamp": "2025-12-12T20:42:52.502344", "level": "INFO", "logger": "detection_pipeline", "message": "Creating placeholder CNN model for testing", "module": "detection_pipeline", "function": "_create_placeholder_cnn_model", "line": 169}
{"timestamp": "2025-12-12T20:42:53.378131", "level": "INFO", "logger": "detection_pipeline", "message": "\u2713 Placeholder CNN model created for testing", "module": "detection_pipeline", "function": "_create_placeholder_cnn_model", "line": 200}
{"timestamp": "2025-12-12T20:42:53.386137", "level": "INFO", "logger": "detection_pipeline", "message": "Creating placeholder DeepSort tracker for testing", "module": "detection_pipeline", "function": "_create_placeholder_deepsort_tracker", "line": 229}
{"timestamp": "2025-12-12T20:42:53.407167", "level": "INFO", "logger": "detection_pipeline", "message": "\u2713 Placeholder DeepSort tracker created for testing", "module": "detection_pipeline", "function": "_create_placeholder_deepsort_tracker", "line": 268}
{"timestamp": "2025-12-12T20:42:53.420133", "level": "INFO", "logger": "detection_pipeline", "message": "\u2713 DeepSort tracker initialized", "module": "detection_pipeline", "function": "_load_models", "line": 141}
{"timestamp": "2025-12-12T20:43:08.585897", "level": "WARNING", "logger": "detection_pipeline", "message": "YOLO model not found, using default YOLOv8n", "module": "detection_pipeline", "function": "_load_models", "line": 98}
{"timestamp": "2025-12-12T20:43:08.682031", "level": "INFO", "logger": "detection_pipeline", "message": "\u2713 YOLO model loaded (default)", "module": "detection_pipeline", "function": "_load_models", "line": 100}
{"timestamp": "2025-12-12T20:43:08.687311", "level": "WARNING", "logger": "detection_pipeline", "message": "\u26a0 Detectron2 not installed - creating placeholder Mask R-CNN", "module": "detection_pipeline", "function": "_load_models", "line": 120}
{"timestamp": "2025-12-12T20:43:08.727989", "level": "INFO", "logger": "detection_pipeline", "message": "Creating placeholder Mask R-CNN model for testing", "module": "detection_pipeline", "function": "_create_placeholder_mask_rcnn_model", "line": 204}
{"timestamp": "2025-12-12T20:43:08.762784", "level": "INFO", "logger": "detection_pipeline", "message": "\u2713 Placeholder Mask R-CNN model created for testing", "module": "detection_pipeline", "function": "_create_placeholder_mask_rcnn_model", "line": 225}
{"timestamp": "2025-12-12T20:43:08.786118", "level": "WARNING", "logger": "detection_pipeline", "message": "\u26a0 CNN model file not found - using placeholder model", "module": "detection_pipeline", "function": "_load_models", "line": 135}
{"timestamp": "2025-12-12T20:43:08.794118", "level": "INFO", "logger": "detection_pipeline", "message": "Creating placeholder CNN model for testing", "module": "detection_pipeline", "function": "_create_placeholder_cnn_model", "line": 169}
{"timestamp": "2025-12-12T20:43:09.167829", "level": "INFO", "logger": "detection_pipeline", "message": "\u2713 Placeholder CNN model created for testing", "module": "detection_pipeline", "function": "_create_placeholder_cnn_model", "line": 200}
{"timestamp": "2025-12-12T20:43:10.724863", "level": "INFO", "logger": "detection_pipeline", "message": "Creating placeholder DeepSort tracker for testing", "module": "detection_pipeline", "function": "_create_placeholder_deepsort_tracker", "line": 229}
{"timestamp": "2025-12-12T20:43:12.222546", "level": "INFO", "logger": "detection_pipeline", "message": "\u2713 Placeholder DeepSort tracker created for testing", "module": "detection_pipeline", "function": "_create_placeholder_deepsort_tracker", "line": 268}
{"timestamp": "2025-12-12T20:43:12.301035", "level": "INFO", "logger": "detection_pipeline", "message": "\u2713 DeepSort tracker initialized", "module": "detection_pipeline", "function": "_load_models", "line": 141}
{"timestamp": "2025-12-12T20:44:06.997431", "level": "WARNING", "logger": "detection_pipeline", "message": "YOLO model not found, using default YOLOv8n", "module": "detection_pipeline", "function": "_load_models", "line": 98}
{"timestamp": "2025-12-12T20:44:07.193890", "level": "INFO", "logger": "detection_pipeline", "message": "\u2713 YOLO model loaded (default)", "module": "detection_pipeline", "function": "_load_models", "line": 100}
{"timestamp": "2025-12-12T20:44:07.210729", "level": "WARNING", "logger": "detection_pipeline", "message": "\u26a0 Detectron2 not installed - creating placeholder Mask R-CNN", "module": "detection_pipeline", "function": "_load_models", "line": 120}
{"timestamp": "2025-12-12T20:44:07.227093", "level": "INFO", "logger": "detection_pipeline", "message": "Creating placeholder Mask R-CNN model for testing", "module": "detection_pipeline", "function": "_create_placeholder_mask_rcnn_model", "line": 204}
{"timestamp": "2025-12-12T20:44:07.245913", "level": "INFO", "logger": "detection_pipeline", "message": "\u2713 Placeholder Mask R-CNN model created for testing", "module": "detection_pipeline", "function": "_create_placeholder_mask_rcnn_model", "line": 225}
{"timestamp": "2025-12-12T20:44:07.264280", "level": "WARNING", "logger": "detection_pipeline", "message": "\u26a0 CNN model file not found - using placeholder model", "module": "detection_pipeline", "function": "_load_models", "line": 135}
{"timestamp": "2025-12-12T20:44:07.283401", "level": "INFO", "logger": "detection_pipeline", "message": "Creating placeholder CNN model for testing", "module": "detection_pipeline", "function": "_create_placeholder_cnn_model", "line": 169}
{"timestamp": "2025-12-12T20:44:07.746786", "level": "INFO", "logger": "detection_pipeline", "message": "\u2713 Placeholder CNN model created for testing", "module": "detection_pipeline", "function": "_create_placeholder_cnn_model", "line": 200}
{"timestamp": "2025-12-12T20:44:07.992420", "level": "INFO", "logger": "detection_pipeline", "message": "Creating placeholder DeepSort tracker for testing", "module": "detection_pipeline", "function": "_create_placeholder_deepsort_tracker", "line": 229}
{"timestamp": "2025-12-12T20:44:08.052152", "level": "INFO", "logger": "detection_pipeline", "message": "\u2713 Placeholder DeepSort tracker created for testing", "module": "detection_pipeline", "function": "_create_placeholder_deepsort_tracker", "line": 268}
{"timestamp": "2025-12-12T20:44:08.102044", "level": "INFO", "logger": "detection_pipeline", "message": "\u2713 DeepSort tracker initialized", "module": "detection_pipeline", "function": "_load_models", "line": 141}
{"timestamp": "2025-12-12T20:44:08.197034", "level": "WARNING", "logger": "detection_pipeline", "message": "YOLO model not found, using default YOLOv8n", "module": "detection_pipeline", "function": "_load_models", "line": 98}
{"timestamp": "2025-12-12T20:44:08.386109", "level": "INFO", "logger": "detection_pipeline", "message": "\u2713 YOLO model loaded (default)", "module": "detection_pipeline", "function": "_load_models", "line": 100}
{"timestamp": "2025-12-12T20:44:08.393105", "level": "WARNING", "logger": "detection_pipeline", "message": "\u26a0 Detectron2 not installed - creating placeholder Mask R-CNN", "module": "detection_pipeline", "function": "_load_models", "line": 120}
{"timestamp": "2025-12-12T20:44:08.406144", "level": "INFO", "logger": "detection_pipeline", "message": "Creating placeholder Mask R-CNN model for testing", "module": "detection_pipeline", "function": "_create_placeholder_mask_rcnn_model", "line": 204}
{"timestamp": "2025-12-12T20:44:08.423281", "level": "INFO", "logger": "detection_pipeline", "message": "\u2713 Placeholder Mask R-CNN model created for testing", "module": "detection_pipeline", "function": "_create_placeholder_mask_rcnn_model", "line": 225}
{"timestamp": "2025-12-12T20:44:08.437504", "level": "WARNING", "logger": "detection_pipeline", "message": "\u26a0 CNN model file not found - using placeholder model", "module": "detection_pipeline", "function": "_load_models", "line": 135}
{"timestamp": "2025-12-12T20:44:08.449857", "level": "INFO", "logger": "detection_pipeline", "message": "Creating placeholder CNN model for testing", "module": "detection_pipeline", "function": "_create_placeholder_cnn_model", "line": 169}
{"timestamp": "2025-12-12T20:44:08.888171", "level": "INFO", "logger": "detection_pipeline", "message": "\u2713 Placeholder CNN model created for testing", "module": "detection_pipeline", "function": "_create_placeholder_cnn_model", "line": 200}
{"timestamp": "2025-12-12T20:44:08.909429", "level": "INFO", "logger": "detection_pipeline", "message": "Creating placeholder DeepSort tracker for testing", "module": "detection_pipeline", "function": "_create_placeholder_deepsort_tracker", "line": 229}
{"timestamp": "2025-12-12T20:44:08.933365", "level": "INFO", "logger": "detection_pipeline", "message": "\u2713 Placeholder DeepSort tracker created for testing", "module": "detection_pipeline", "function": "_create_placeholder_deepsort_tracker", "line": 268}
{"timestamp": "2025-12-12T20:44:08.946913", "level": "INFO", "logger": "detection_pipeline", "message": "\u2713 DeepSort tracker initialized", "module": "detection_pipeline", "function": "_load_models", "line": 141}
{"timestamp": "2025-12-12T20:44:13.756393", "level": "WARNING", "logger": "detection_pipeline", "message": "YOLO model not found, using default YOLOv8n", "module": "detection_pipeline", "function": "_load_models", "line": 98}
{"timestamp": "2025-12-12T20:44:13.898952", "level": "INFO", "logger": "detection_pipeline", "message": "\u2713 YOLO model loaded (default)", "module": "detection_pipeline", "function": "_load_models", "line": 100}
{"timestamp": "2025-12-12T20:44:13.907420", "level": "WARNING", "logger": "detection_pipeline", "message": "\u26a0 Detectron2 not installed - creating placeholder Mask R-CNN", "module": "detection_pipeline", "function": "_load_models", "line": 120}
{"timestamp": "2025-12-12T20:44:13.916488", "level": "INFO", "logger": "detection_pipeline", "message": "Creating placeholder Mask R-CNN model for testing", "module": "detection_pipeline", "function": "_create_placeholder_mask_rcnn_model", "line": 204}
{"timestamp": "2025-12-12T20:44:13.930984", "level": "INFO", "logger": "detection_pipeline", "message": "\u2713 Placeholder Mask R-CNN model created for testing", "module": "detection_pipeline", "function": "_create_placeholder_mask_rcnn_model", "line": 225}
{"timestamp": "2025-12-12T20:44:13.945802", "level": "WARNING", "logger": "detection_pipeline", "message": "\u26a0 CNN model file not found - using placeholder model", "module": "detection_pipeline", "function": "_load_models", "line": 135}
{"timestamp": "2025-12-12T20:44:13.957198", "level": "INFO", "logger": "detection_pipeline", "message": "Creating placeholder CNN model for testing", "module": "detection_pipeline", "function": "_create_placeholder_cnn_model", "line": 169}
{"timestamp": "2025-12-12T20:44:14.595240", "level": "INFO", "logger": "detection_pipeline", "message": "\u2713 Placeholder CNN model created for testing", "module": "detection_pipeline", "function": "_create_placeholder_cnn_model", "line": 200}
{"timestamp": "2025-12-12T20:44:14.607611", "level": "INFO", "logger": "detection_pipeline", "message": "Creating placeholder DeepSort tracker for testing", "module": "detection_pipeline", "function": "_create_placeholder_deepsort_tracker", "line": 229}
{"timestamp": "2025-12-12T20:44:14.621935", "level": "INFO", "logger": "detection_pipeline", "message": "\u2713 Placeholder DeepSort tracker created for testing", "module": "detection_pipeline", "function": "_create_placeholder_deepsort_tracker", "line": 268}
{"timestamp": "2025-12-12T20:44:14.640243", "level": "INFO", "logger": "detection_pipeline", "message": "\u2713 DeepSort tracker initialized", "module": "detection_pipeline", "function": "_load_models", "line": 141}
{"timestamp": "2025-12-12T20:48:06.591454", "level": "WARNING", "logger": "detection_pipeline", "message": "YOLO model not found, using default YOLOv8n", "module": "detection_pipeline", "function": "_load_models", "line": 98}
{"timestamp": "2025-12-12T20:48:06.835430", "level": "INFO", "logger": "detection_pipeline", "message": "\u2713 YOLO model loaded (default)", "module": "detection_pipeline", "function": "_load_models", "line": 100}
{"timestamp": "2025-12-12T20:48:06.843443", "level": "WARNING", "logger": "detection_pipeline", "message": "\u26a0 Detectron2 not installed - creating placeholder Mask R-CNN", "module": "detection_pipeline", "function": "_load_models", "line": 120}
{"timestamp": "2025-12-12T20:48:06.850444", "level": "INFO", "logger": "detection_pipeline", "message": "Creating placeholder Mask R-CNN model for testing", "module": "detection_pipeline", "function": "_create_placeholder_mask_rcnn_model", "line": 204}
{"timestamp": "2025-12-12T20:48:06.857631", "level": "INFO", "logger": "detection_pipeline", "message": "\u2713 Placeholder Mask R-CNN model created for testing", "module": "detection_pipeline", "function": "_create_placeholder_mask_rcnn_model", "line": 225}
{"timestamp": "2025-12-12T20:48:06.868689", "level": "WARNING", "logger": "detection_pipeline", "message": "\u26a0 CNN model file not found - using placeholder model", "module": "detection_pipeline", "function": "_load_models", "line": 135}
{"timestamp": "2025-12-12T20:48:06.876956", "level": "INFO", "logger": "detection_pipeline", "message": "Creating placeholder CNN model for testing", "module": "detection_pipeline", "function": "_create_placeholder_cnn_model", "line": 169}
{"timestamp": "2025-12-12T20:48:07.247623", "level": "INFO", "logger": "detection_pipeline", "message": "\u2713 Placeholder CNN model created for testing", "module": "detection_pipeline", "function": "_create_placeholder_cnn_model", "line": 200}
{"timestamp": "2025-12-12T20:48:07.257439", "level": "INFO", "logger": "detection_pipeline", "message": "Creating placeholder DeepSort tracker for testing", "module": "detection_pipeline", "function": "_create_placeholder_deepsort_tracker", "line": 229}
{"timestamp": "2025-12-12T20:48:07.265679", "level": "INFO", "logger": "detection_pipeline", "message": "\u2713 Placeholder DeepSort tracker created for testing", "module": "detection_pipeline", "function": "_create_placeholder_deepsort_tracker", "line": 268}
{"timestamp": "2025-12-12T20:48:07.274664", "level": "INFO", "logger": "detection_pipeline", "message": "\u2713 DeepSort tracker initialized", "module": "detection_pipeline", "function": "_load_models", "line": 141}
{"timestamp": "2025-12-12T20:57:47.860295", "level": "WARNING", "logger": "detection_pipeline", "message": "YOLO model not found, using default YOLOv8n", "module": "detection_pipeline", "function": "_load_models", "line": 98}
{"timestamp": "2025-12-12T20:57:48.099287", "level": "INFO", "logger": "detection_pipeline", "message": "\u2713 YOLO model loaded (default)", "module": "detection_pipeline", "function": "_load_models", "line": 100}
{"timestamp": "2025-12-12T20:57:48.108572", "level": "WARNING", "logger": "detection_pipeline", "message": "\u26a0 Detectron2 not installed - creating placeholder Mask R-CNN", "module": "detection_pipeline", "function": "_load_models", "line": 120}
{"timestamp": "2025-12-12T20:57:48.118602", "level": "INFO", "logger": "detection_pipeline", "message": "Creating placeholder Mask R-CNN model for testing", "module": "detection_pipeline", "function": "_create_placeholder_mask_rcnn_model", "line": 204}
{"timestamp": "2025-12-12T20:57:48.130296", "level": "INFO", "logger": "detection_pipeline", "message": "\u2713 Placeholder Mask R-CNN model created for testing", "module": "detection_pipeline", "function": "_create_placeholder_mask_rcnn_model", "line": 225}
{"timestamp": "2025-12-12T20:57:48.153293", "level": "WARNING", "logger": "detection_pipeline", "message": "\u26a0 CNN model file not found - using placeholder model", "module": "detection_pipeline", "function": "_load_models", "line": 135}
{"timestamp": "2025-12-12T20:57:48.166048", "level": "INFO", "logger": "detection_pipeline", "message": "Creating placeholder CNN model for testing", "module": "detection_pipeline", "function": "_create_placeholder_cnn_model", "line": 169}
{"timestamp": "2025-12-12T20:57:48.731560", "level": "INFO", "logger": "detection_pipeline", "message": "\u2713 Placeholder CNN model created for testing", "module": "detection_pipeline", "function": "_create_placeholder_cnn_model", "line": 200}
{"timestamp": "2025-12-12T20:57:48.743564", "level": "INFO", "logger": "detection_pipeline", "message": "Creating placeholder DeepSort tracker for testing", "module": "detection_pipeline", "function": "_create_placeholder_deepsort_tracker", "line": 229}
{"timestamp": "2025-12-12T20:57:48.754115", "level": "INFO", "logger": "detection_pipeline", "message": "\u2713 Placeholder DeepSort tracker created for testing", "module": "detection_pipeline", "function": "_create_placeholder_deepsort_tracker", "line": 268}
{"timestamp": "2025-12-12T20:57:48.767561", "level": "INFO", "logger": "detection_pipeline", "message": "\u2713 DeepSort tracker initialized", "module": "detection_pipeline", "function": "_load_models", "line": 141}
{"timestamp": "2025-12-12T20:58:04.564762", "level": "WARNING", "logger": "detection_pipeline", "message": "YOLO model not found, using default YOLOv8n", "module": "detection_pipeline", "function": "_load_models", "line": 98}
{"timestamp": "2025-12-12T20:58:04.668820", "level": "INFO", "logger": "detection_pipeline", "message": "\u2713 YOLO model loaded (default)", "module": "detection_pipeline", "function": "_load_models", "line": 100}
{"timestamp": "2025-12-12T20:58:04.676833", "level": "WARNING", "logger": "detection_pipeline", "message": "\u26a0 Detectron2 not installed - creating placeholder Mask R-CNN", "module": "detection_pipeline", "function": "_load_models", "line": 120}
{"timestamp": "2025-12-12T20:58:04.684759", "level": "INFO", "logger": "detection_pipeline", "message": "Creating placeholder Mask R-CNN model for testing", "module": "detection_pipeline", "function": "_create_placeholder_mask_rcnn_model", "line": 204}
{"timestamp": "2025-12-12T20:58:04.693782", "level": "INFO", "logger": "detection_pipeline", "message": "\u2713 Placeholder Mask R-CNN model created for testing", "module": "detection_pipeline", "function": "_create_placeholder_mask_rcnn_model", "line": 225}
{"timestamp": "2025-12-12T20:58:04.699756", "level": "WARNING", "logger": "detection_pipeline", "message": "\u26a0 CNN model file not found - using placeholder model", "module": "detection_pipeline", "function": "_load_models", "line": 135}
{"timestamp": "2025-12-12T20:58:04.706779", "level": "INFO", "logger": "detection_pipeline", "message": "Creating placeholder CNN model for testing", "module": "detection_pipeline", "function": "_create_placeholder_cnn_model", "line": 169}
{"timestamp": "2025-12-12T20:58:05.052682", "level": "INFO", "logger": "detection_pipeline", "message": "\u2713 Placeholder CNN model created for testing", "module": "detection_pipeline", "function": "_create_placeholder_cnn_model", "line": 200}
{"timestamp": "2025-12-12T20:58:05.058635", "level": "INFO", "logger": "detection_pipeline", "message": "Creating placeholder DeepSort tracker for testing", "module": "detection_pipeline", "function": "_create_placeholder_deepsort_tracker", "line": 229}
{"timestamp": "2025-12-12T20:58:05.064635", "level": "INFO", "logger": "detection_pipeline", "message": "\u2713 Placeholder DeepSort tracker created for testing", "module": "detection_pipeline", "function": "_create_placeholder_deepsort_tracker", "line": 268}
{"timestamp": "2025-12-12T20:58:05.075978", "level": "INFO", "logger": "detection_pipeline", "message": "\u2713 DeepSort tracker initialized", "module": "detection_pipeline", "function": "_load_models", "line": 141}
{"timestamp": "2025-12-12T21:00:13.578639", "level": "WARNING", "logger": "detection_pipeline", "message": "YOLO model not found, using default YOLOv8n", "module": "detection_pipeline", "function": "_load_models", "line": 98}
{"timestamp": "2025-12-12T21:00:13.709975", "level": "INFO", "logger": "detection_pipeline", "message": "\u2713 YOLO model loaded (default)", "module": "detection_pipeline", "function": "_load_models", "line": 100}
{"timestamp": "2025-12-12T21:00:13.716392", "level": "WARNING", "logger": "detection_pipeline", "message": "\u26a0 Detectron2 not installed - creating placeholder Mask R-CNN", "module": "detection_pipeline", "function": "_load_models", "line": 120}
{"timestamp": "2025-12-12T21:00:13.723032", "level": "INFO", "logger": "detection_pipeline", "message": "Creating placeholder Mask R-CNN model for testing", "module": "detection_pipeline", "function": "_create_placeholder_mask_rcnn_model", "line": 204}
{"timestamp": "2025-12-12T21:00:13.733935", "level": "INFO", "logger": "detection_pipeline", "message": "\u2713 Placeholder Mask R-CNN model created for testing", "module": "detection_pipeline", "function": "_create_placeholder_mask_rcnn_model", "line": 225}
{"timestamp": "2025-12-12T21:00:13.741107", "level": "WARNING", "logger": "detection_pipeline", "message": "\u26a0 CNN model file not found - using placeholder model", "module": "detection_pipeline", "function": "_load_models", "line": 135}
{"timestamp": "2025-12-12T21:00:13.753614", "level": "INFO", "logger": "detection_pipeline", "message": "Creating placeholder CNN model for testing", "module": "detection_pipeline", "function": "_create_placeholder_cnn_model", "line": 169}
{"timestamp": "2025-12-12T21:00:14.180707", "level": "INFO", "logger": "detection_pipeline", "message": "\u2713 Placeholder CNN model created for testing", "module": "detection_pipeline", "function": "_create_placeholder_cnn_model", "line": 200}
{"timestamp": "2025-12-12T21:00:14.190845", "level": "INFO", "logger": "detection_pipeline", "message": "Creating placeholder DeepSort tracker for testing", "module": "detection_pipeline", "function": "_create_placeholder_deepsort_tracker", "line": 229}
{"timestamp": "2025-12-12T21:00:14.200637", "level": "INFO", "logger": "detection_pipeline", "message": "\u2713 Placeholder DeepSort tracker created for testing", "module": "detection_pipeline", "function": "_create_placeholder_deepsort_tracker", "line": 268}
{"timestamp": "2025-12-12T21:00:14.214934", "level": "INFO", "logger": "detection_pipeline", "message": "\u2713 DeepSort tracker initialized", "module": "detection_pipeline", "function": "_load_models", "line": 141}
{"timestamp": "2025-12-12T21:00:56.006168", "level": "WARNING", "logger": "detection_pipeline", "message": "YOLO model not found, using default YOLOv8n", "module": "detection_pipeline", "function": "_load_models", "line": 98}
{"timestamp": "2025-12-12T21:00:56.153921", "level": "INFO", "logger": "detection_pipeline", "message": "\u2713 YOLO model loaded (default)", "module": "detection_pipeline", "function": "_load_models", "line": 100}
{"timestamp": "2025-12-12T21:00:56.164187", "level": "WARNING", "logger": "detection_pipeline", "message": "\u26a0 Detectron2 not installed - creating placeholder Mask R-CNN", "module": "detection_pipeline", "function": "_load_models", "line": 120}
{"timestamp": "2025-12-12T21:00:56.175587", "level": "INFO", "logger": "detection_pipeline", "message": "Creating placeholder Mask R-CNN model for testing", "module": "detection_pipeline", "function": "_create_placeholder_mask_rcnn_model", "line": 204}
{"timestamp": "2025-12-12T21:00:56.184125", "level": "INFO", "logger": "detection_pipeline", "message": "\u2713 Placeholder Mask R-CNN model created for testing", "module": "detection_pipeline", "function": "_create_placeholder_mask_rcnn_model", "line": 225}
{"timestamp": "2025-12-12T21:00:56.195183", "level": "WARNING", "logger": "detection_pipeline", "message": "\u26a0 CNN model file not found - using placeholder model", "module": "detection_pipeline", "function": "_load_models", "line": 135}
{"timestamp": "2025-12-12T21:00:56.201972", "level": "INFO", "logger": "detection_pipeline", "message": "Creating placeholder CNN model for testing", "module": "detection_pipeline", "function": "_create_placeholder_cnn_model", "line": 169}
{"timestamp": "2025-12-12T21:00:56.627768", "level": "INFO", "logger": "detection_pipeline", "message": "\u2713 Placeholder CNN model created for testing", "module": "detection_pipeline", "function": "_create_placeholder_cnn_model", "line": 200}
{"timestamp": "2025-12-12T21:00:56.659829", "level": "INFO", "logger": "detection_pipeline", "message": "Creating placeholder DeepSort tracker for testing", "module": "detection_pipeline", "function": "_create_placeholder_deepsort_tracker", "line": 229}
{"timestamp": "2025-12-12T21:00:56.695078", "level": "INFO", "logger": "detection_pipeline", "message": "\u2713 Placeholder DeepSort tracker created for testing", "module": "detection_pipeline", "function": "_create_placeholder_deepsort_tracker", "line": 268}
{"timestamp": "2025-12-12T21:00:56.727881", "level": "INFO", "logger": "detection_pipeline", "message": "\u2713 DeepSort tracker initialized", "module": "detection_pipeline", "function": "_load_models", "line": 141}
